c:\users\tromn\source\repos\spectral pathtracing\spectral.d3e9b99b\x64\debug\vc143.pdb
c:\users\tromn\source\repos\spectral pathtracing\spectral.d3e9b99b\x64\debug\vc143.idb
c:\users\tromn\source\repos\spectral pathtracing\spectral.d3e9b99b\x64\debug\volk.obj
c:\users\tromn\source\repos\spectral pathtracing\spectral.d3e9b99b\x64\debug\vma_impl.obj
c:\users\tromn\source\repos\spectral pathtracing\spectral.d3e9b99b\x64\debug\rt_accel.obj
c:\users\tromn\source\repos\spectral pathtracing\spectral.d3e9b99b\x64\debug\obj_loader.obj
c:\users\tromn\source\repos\spectral pathtracing\spectral.d3e9b99b\x64\debug\main.obj
c:\users\tromn\source\repos\spectral pathtracing\spectral.d3e9b99b\x64\debug\bvh.obj
c:\users\tromn\source\repos\spectral pathtracing\spectral.d3e9b99b\x64\debug\spectral pathtracing.ilk
c:\users\tromn\source\repos\spectral pathtracing\x64\debug\spectral pathtracing.pdb
c:\users\tromn\source\repos\spectral pathtracing\spectral.d3e9b99b\x64\debug\spectral.d3e9b99b.tlog\cl.command.1.tlog
c:\users\tromn\source\repos\spectral pathtracing\spectral.d3e9b99b\x64\debug\spectral.d3e9b99b.tlog\cl.items.tlog
c:\users\tromn\source\repos\spectral pathtracing\spectral.d3e9b99b\x64\debug\spectral.d3e9b99b.tlog\cl.read.1.tlog
c:\users\tromn\source\repos\spectral pathtracing\spectral.d3e9b99b\x64\debug\spectral.d3e9b99b.tlog\cl.write.1.tlog
c:\users\tromn\source\repos\spectral pathtracing\spectral.d3e9b99b\x64\debug\spectral.d3e9b99b.tlog\link-cvtres.read.1.tlog
c:\users\tromn\source\repos\spectral pathtracing\spectral.d3e9b99b\x64\debug\spectral.d3e9b99b.tlog\link-cvtres.write.1.tlog
c:\users\tromn\source\repos\spectral pathtracing\spectral.d3e9b99b\x64\debug\spectral.d3e9b99b.tlog\link-rc.read.1.tlog
c:\users\tromn\source\repos\spectral pathtracing\spectral.d3e9b99b\x64\debug\spectral.d3e9b99b.tlog\link-rc.write.1.tlog
c:\users\tromn\source\repos\spectral pathtracing\spectral.d3e9b99b\x64\debug\spectral.d3e9b99b.tlog\link.37268-cvtres.read.1.tlog
c:\users\tromn\source\repos\spectral pathtracing\spectral.d3e9b99b\x64\debug\spectral.d3e9b99b.tlog\link.37268-cvtres.write.1.tlog
c:\users\tromn\source\repos\spectral pathtracing\spectral.d3e9b99b\x64\debug\spectral.d3e9b99b.tlog\link.37268-rc.read.1.tlog
c:\users\tromn\source\repos\spectral pathtracing\spectral.d3e9b99b\x64\debug\spectral.d3e9b99b.tlog\link.37268-rc.write.1.tlog
c:\users\tromn\source\repos\spectral pathtracing\spectral.d3e9b99b\x64\debug\spectral.d3e9b99b.tlog\link.37268.read.1.tlog
c:\users\tromn\source\repos\spectral pathtracing\spectral.d3e9b99b\x64\debug\spectral.d3e9b99b.tlog\link.37268.read.2.tlog
c:\users\tromn\source\repos\spectral pathtracing\spectral.d3e9b99b\x64\debug\spectral.d3e9b99b.tlog\link.37268.read.3.tlog
c:\users\tromn\source\repos\spectral pathtracing\spectral.d3e9b99b\x64\debug\spectral.d3e9b99b.tlog\link.37268.read.4.tlog
c:\users\tromn\source\repos\spectral pathtracing\spectral.d3e9b99b\x64\debug\spectral.d3e9b99b.tlog\link.37268.write.1.tlog
c:\users\tromn\source\repos\spectral pathtracing\spectral.d3e9b99b\x64\debug\spectral.d3e9b99b.tlog\link.command.1.tlog
c:\users\tromn\source\repos\spectral pathtracing\spectral.d3e9b99b\x64\debug\spectral.d3e9b99b.tlog\link.read.1.tlog
c:\users\tromn\source\repos\spectral pathtracing\spectral.d3e9b99b\x64\debug\spectral.d3e9b99b.tlog\link.read.2.tlog
c:\users\tromn\source\repos\spectral pathtracing\spectral.d3e9b99b\x64\debug\spectral.d3e9b99b.tlog\link.read.3.tlog
c:\users\tromn\source\repos\spectral pathtracing\spectral.d3e9b99b\x64\debug\spectral.d3e9b99b.tlog\link.read.4.tlog
c:\users\tromn\source\repos\spectral pathtracing\spectral.d3e9b99b\x64\debug\spectral.d3e9b99b.tlog\link.secondary.1.tlog
c:\users\tromn\source\repos\spectral pathtracing\spectral.d3e9b99b\x64\debug\spectral.d3e9b99b.tlog\link.write.1.tlog
